#
# There is insufficient memory for the Java Runtime Environment to continue.
# Native memory allocation (malloc) failed to allocate 698736 bytes for Chunk::new
# Possible reasons:
#   The system is out of physical RAM or swap space
#   The process is running with CompressedOops enabled, and the Java Heap may be blocking the growth of the native heap
# Possible solutions:
#   Reduce memory load on the system
#   Increase physical memory or swap space
#   Check if swap backing store is full
#   Decrease Java heap size (-Xmx/-Xms)
#   Decrease number of Java threads
#   Decrease Java thread stack sizes (-Xss)
#   Set larger code cache with -XX:ReservedCodeCacheSize=
#   JVM is running with Unscaled Compressed Oops mode in which the Java heap is
#     placed in the first 4GB address space. The Java Heap base address is the
#     maximum limit for the native heap growth. Please use -XX:HeapBaseMinAddress
#     to set the Java Heap base and to place the Java Heap above 4GB virtual address.
# This output file may be truncated or incomplete.
#
#  Out of Memory Error (arena.cpp:197), pid=11552, tid=12728
#
# JRE version: OpenJDK Runtime Environment Temurin-11.0.19+7 (11.0.19+7) (build 11.0.19+7)
# Java VM: OpenJDK 64-Bit Server VM Temurin-11.0.19+7 (11.0.19+7, mixed mode, tiered, compressed oops, g1 gc, windows-amd64)
# No core dump will be written. Minidumps are not enabled by default on client versions of Windows
#

---------------  S U M M A R Y ------------

Command Line: org.jetbrains.kotlin.cli.jvm.K2JVMCompiler @E:\G9 Bhangra Android\G9 Bhangra\node_modules\react-native-screens\android\build\20240423_16789682174210019145.compiler.options

Host: AMD Ryzen 3 3200G with Radeon Vega Graphics    , 4 cores, 5G,  Windows 10 , 64 bit Build 19041 (10.0.19041.2364)
Time: Tue Apr 23 17:34:33 2024 India Standard Time elapsed time: 27.606241 seconds (0d 0h 0m 27s)

---------------  T H R E A D  ---------------

Current thread (0x00000199ff0a4000):  JavaThread "C2 CompilerThread0" daemon [_thread_in_native, id=12728, stack(0x00000021f0c00000,0x00000021f0d00000)]


Current CompileTask:
C2:  27606 18737       4       org.jetbrains.kotlin.ir.declarations.lazy.IrLazyFunction::<init> (397 bytes)

Stack: [0x00000021f0c00000,0x00000021f0d00000]
Native frames: (J=compiled Java code, j=interpreted, Vv=VM code, C=native code)
V  [jvm.dll+0x64fb5a]
V  [jvm.dll+0x7e3549]
V  [jvm.dll+0x7e4c49]
V  [jvm.dll+0x7e5333]
V  [jvm.dll+0x26afd5]
V  [jvm.dll+0xc1a5c]
V  [jvm.dll+0xc200c]
V  [jvm.dll+0x37b337]
V  [jvm.dll+0x3462e5]
V  [jvm.dll+0x34567a]
V  [jvm.dll+0x222d7f]
V  [jvm.dll+0x221d88]
V  [jvm.dll+0x19e6c1]
V  [jvm.dll+0x231f59]
V  [jvm.dll+0x2300af]
V  [jvm.dll+0x7a48d0]
V  [jvm.dll+0x79d6e4]
V  [jvm.dll+0x64e915]
C  [ucrtbase.dll+0x21bb2]
C  [KERNEL32.DLL+0x17614]
C  [ntdll.dll+0x526a1]


---------------  P R O C E S S  ---------------

Threads class SMR info:
_java_thread_list=0x0000019992522d90, length=11, elements={
0x00000199f0bb8800, 0x00000199ff05e000, 0x00000199ff087800, 0x00000199ff09c800,
0x00000199ff09e000, 0x00000199ff09f000, 0x00000199ff0a4000, 0x00000199ff0a8800,
0x00000199ff0c2800, 0x00000199ffb57800, 0x00000199ffb55000
}

Java Threads: ( => current thread )
  0x00000199f0bb8800 JavaThread "main" [_thread_in_Java, id=6924, stack(0x00000021f0000000,0x00000021f0100000)]
  0x00000199ff05e000 JavaThread "Reference Handler" daemon [_thread_blocked, id=12868, stack(0x00000021f0700000,0x00000021f0800000)]
  0x00000199ff087800 JavaThread "Finalizer" daemon [_thread_blocked, id=1304, stack(0x00000021f0800000,0x00000021f0900000)]
  0x00000199ff09c800 JavaThread "Signal Dispatcher" daemon [_thread_blocked, id=12348, stack(0x00000021f0900000,0x00000021f0a00000)]
  0x00000199ff09e000 JavaThread "Attach Listener" daemon [_thread_blocked, id=8076, stack(0x00000021f0a00000,0x00000021f0b00000)]
  0x00000199ff09f000 JavaThread "Service Thread" daemon [_thread_blocked, id=13124, stack(0x00000021f0b00000,0x00000021f0c00000)]
=>0x00000199ff0a4000 JavaThread "C2 CompilerThread0" daemon [_thread_in_native, id=12728, stack(0x00000021f0c00000,0x00000021f0d00000)]
  0x00000199ff0a8800 JavaThread "C1 CompilerThread0" daemon [_thread_blocked, id=3440, stack(0x00000021f0d00000,0x00000021f0e00000)]
  0x00000199ff0c2800 JavaThread "Sweeper thread" daemon [_thread_blocked, id=12236, stack(0x00000021f0e00000,0x00000021f0f00000)]
  0x00000199ffb57800 JavaThread "Common-Cleaner" daemon [_thread_blocked, id=8224, stack(0x00000021f1000000,0x00000021f1100000)]
  0x00000199ffb55000 JavaThread "C2 CompilerThread1" daemon [_thread_in_native, id=5880, stack(0x00000021f1100000,0x00000021f1200000)]

Other Threads:
  0x00000199ff05c800 VMThread "VM Thread" [stack: 0x00000021f0600000,0x00000021f0700000] [id=7772]
  0x00000199ffb4e800 WatcherThread [stack: 0x00000021f0f00000,0x00000021f1000000] [id=2628]
  0x00000199f0bd0000 GCTaskThread "GC Thread#0" [stack: 0x00000021f0100000,0x00000021f0200000] [id=12796]
  0x000001998f16f000 GCTaskThread "GC Thread#1" [stack: 0x00000021f1200000,0x00000021f1300000] [id=428]
  0x0000019994e4d000 GCTaskThread "GC Thread#2" [stack: 0x00000021f1300000,0x00000021f1400000] [id=6196]
  0x0000019996aba000 GCTaskThread "GC Thread#3" [stack: 0x00000021f1400000,0x00000021f1500000] [id=13132]
  0x00000199f0bf5800 ConcurrentGCThread "G1 Main Marker" [stack: 0x00000021f0200000,0x00000021f0300000] [id=2700]
  0x00000199f0bf8000 ConcurrentGCThread "G1 Conc#0" [stack: 0x00000021f0300000,0x00000021f0400000] [id=13156]
  0x00000199f0c6d000 ConcurrentGCThread "G1 Refine#0" [stack: 0x00000021f0400000,0x00000021f0500000] [id=6336]
  0x0000019994006000 ConcurrentGCThread "G1 Refine#1" [stack: 0x00000021f1500000,0x00000021f1600000] [id=4532]
  0x00000199f0c6e000 ConcurrentGCThread "G1 Young RemSet Sampling" [stack: 0x00000021f0500000,0x00000021f0600000] [id=12304]

Threads with active compile tasks:
C2 CompilerThread0    27643 18737       4       org.jetbrains.kotlin.ir.declarations.lazy.IrLazyFunction::<init> (397 bytes)
C2 CompilerThread1    27643 18743       4       org.jetbrains.kotlin.backend.jvm.MemoizedInlineClassReplacements$getReplacementFunction$1::invoke (9 bytes)

VM state:not at safepoint (normal execution)

VM Mutex/Monitor currently owned by a thread: None

Heap address: 0x00000000a1000000, size: 1520 MB, Compressed Oops mode: 32-bit
Narrow klass base: 0x0000000000000000, Narrow klass shift: 3
Compressed class space size: 1073741824 Address: 0x0000000100000000

Heap:
 garbage-first heap   total 210944K, used 144124K [0x00000000a1000000, 0x0000000100000000)
  region size 1024K, 26 young (26624K), 2 survivors (2048K)
 Metaspace       used 89814K, capacity 90735K, committed 90880K, reserved 1130496K
  class space    used 9365K, capacity 9745K, committed 9804K, reserved 1048576K
Heap Regions: E=young(eden), S=young(survivor), O=old, HS=humongous(starts), HC=humongous(continues), CS=collection set, F=free, A=archive, TAMS=top-at-mark-start (previous, next)
|   0|0x00000000a1000000, 0x00000000a1100000, 0x00000000a1100000|100%|HS|  |TAMS 0x00000000a1100000, 0x00000000a1000000| Complete 
|   1|0x00000000a1100000, 0x00000000a1200000, 0x00000000a1200000|100%|HC|  |TAMS 0x00000000a1200000, 0x00000000a1100000| Complete 
|   2|0x00000000a1200000, 0x00000000a1300000, 0x00000000a1300000|100%|HC|  |TAMS 0x00000000a1300000, 0x00000000a1200000| Complete 
|   3|0x00000000a1300000, 0x00000000a1400000, 0x00000000a1400000|100%|HC|  |TAMS 0x00000000a1400000, 0x00000000a1300000| Complete 
|   4|0x00000000a1400000, 0x00000000a1500000, 0x00000000a1500000|100%| O|  |TAMS 0x00000000a1500000, 0x00000000a1400000| Untracked 
|   5|0x00000000a1500000, 0x00000000a1600000, 0x00000000a1600000|100%| O|  |TAMS 0x00000000a1600000, 0x00000000a1500000| Untracked 
|   6|0x00000000a1600000, 0x00000000a1700000, 0x00000000a1700000|100%|HS|  |TAMS 0x00000000a1700000, 0x00000000a1600000| Complete 
|   7|0x00000000a1700000, 0x00000000a1800000, 0x00000000a1800000|100%|HC|  |TAMS 0x00000000a1800000, 0x00000000a1700000| Complete 
|   8|0x00000000a1800000, 0x00000000a1900000, 0x00000000a1900000|100%|HC|  |TAMS 0x00000000a1900000, 0x00000000a1800000| Complete 
|   9|0x00000000a1900000, 0x00000000a1a00000, 0x00000000a1a00000|100%|HC|  |TAMS 0x00000000a1a00000, 0x00000000a1900000| Complete 
|  10|0x00000000a1a00000, 0x00000000a1b00000, 0x00000000a1b00000|100%|HS|  |TAMS 0x00000000a1b00000, 0x00000000a1a00000| Complete 
|  11|0x00000000a1b00000, 0x00000000a1c00000, 0x00000000a1c00000|100%|HC|  |TAMS 0x00000000a1c00000, 0x00000000a1b00000| Complete 
|  12|0x00000000a1c00000, 0x00000000a1d00000, 0x00000000a1d00000|100%| O|  |TAMS 0x00000000a1d00000, 0x00000000a1c00000| Untracked 
|  13|0x00000000a1d00000, 0x00000000a1e00000, 0x00000000a1e00000|100%| O|  |TAMS 0x00000000a1e00000, 0x00000000a1d00000| Untracked 
|  14|0x00000000a1e00000, 0x00000000a1f00000, 0x00000000a1f00000|100%| O|  |TAMS 0x00000000a1f00000, 0x00000000a1e00000| Untracked 
|  15|0x00000000a1f00000, 0x00000000a2000000, 0x00000000a2000000|100%| O|  |TAMS 0x00000000a2000000, 0x00000000a1f00000| Untracked 
|  16|0x00000000a2000000, 0x00000000a2100000, 0x00000000a2100000|100%| O|  |TAMS 0x00000000a2100000, 0x00000000a2000000| Untracked 
|  17|0x00000000a2100000, 0x00000000a2200000, 0x00000000a2200000|100%| O|  |TAMS 0x00000000a2200000, 0x00000000a2100000| Untracked 
|  18|0x00000000a2200000, 0x00000000a2300000, 0x00000000a2300000|100%| O|  |TAMS 0x00000000a2300000, 0x00000000a2200000| Untracked 
|  19|0x00000000a2300000, 0x00000000a2400000, 0x00000000a2400000|100%| O|  |TAMS 0x00000000a2400000, 0x00000000a2300000| Untracked 
|  20|0x00000000a2400000, 0x00000000a2500000, 0x00000000a2500000|100%| O|  |TAMS 0x00000000a2500000, 0x00000000a2400000| Untracked 
|  21|0x00000000a2500000, 0x00000000a2600000, 0x00000000a2600000|100%| O|  |TAMS 0x00000000a2600000, 0x00000000a2500000| Untracked 
|  22|0x00000000a2600000, 0x00000000a2700000, 0x00000000a2700000|100%| O|  |TAMS 0x00000000a2700000, 0x00000000a2600000| Untracked 
|  23|0x00000000a2700000, 0x00000000a2800000, 0x00000000a2800000|100%| O|  |TAMS 0x00000000a2800000, 0x00000000a2700000| Untracked 
|  24|0x00000000a2800000, 0x00000000a2900000, 0x00000000a2900000|100%| O|  |TAMS 0x00000000a2900000, 0x00000000a2800000| Untracked 
|  25|0x00000000a2900000, 0x00000000a2a00000, 0x00000000a2a00000|100%| O|  |TAMS 0x00000000a2a00000, 0x00000000a2900000| Untracked 
|  26|0x00000000a2a00000, 0x00000000a2b00000, 0x00000000a2b00000|100%| O|  |TAMS 0x00000000a2b00000, 0x00000000a2a00000| Untracked 
|  27|0x00000000a2b00000, 0x00000000a2c00000, 0x00000000a2c00000|100%| O|  |TAMS 0x00000000a2c00000, 0x00000000a2b00000| Untracked 
|  28|0x00000000a2c00000, 0x00000000a2d00000, 0x00000000a2d00000|100%| O|  |TAMS 0x00000000a2d00000, 0x00000000a2c00000| Untracked 
|  29|0x00000000a2d00000, 0x00000000a2e00000, 0x00000000a2e00000|100%| O|  |TAMS 0x00000000a2e00000, 0x00000000a2d00000| Untracked 
|  30|0x00000000a2e00000, 0x00000000a2f00000, 0x00000000a2f00000|100%| O|  |TAMS 0x00000000a2f00000, 0x00000000a2e00000| Untracked 
|  31|0x00000000a2f00000, 0x00000000a3000000, 0x00000000a3000000|100%| O|  |TAMS 0x00000000a3000000, 0x00000000a2f00000| Untracked 
|  32|0x00000000a3000000, 0x00000000a3100000, 0x00000000a3100000|100%| O|  |TAMS 0x00000000a3100000, 0x00000000a3000000| Untracked 
|  33|0x00000000a3100000, 0x00000000a3200000, 0x00000000a3200000|100%| O|  |TAMS 0x00000000a3200000, 0x00000000a3100000| Untracked 
|  34|0x00000000a3200000, 0x00000000a3300000, 0x00000000a3300000|100%| O|  |TAMS 0x00000000a3300000, 0x00000000a3200000| Untracked 
|  35|0x00000000a3300000, 0x00000000a3400000, 0x00000000a3400000|100%| O|  |TAMS 0x00000000a3400000, 0x00000000a3300000| Untracked 
|  36|0x00000000a3400000, 0x00000000a3500000, 0x00000000a3500000|100%| O|  |TAMS 0x00000000a3500000, 0x00000000a3400000| Untracked 
|  37|0x00000000a3500000, 0x00000000a3600000, 0x00000000a3600000|100%| O|  |TAMS 0x00000000a3600000, 0x00000000a3500000| Untracked 
|  38|0x00000000a3600000, 0x00000000a3700000, 0x00000000a3700000|100%| O|  |TAMS 0x00000000a3700000, 0x00000000a3600000| Untracked 
|  39|0x00000000a3700000, 0x00000000a3800000, 0x00000000a3800000|100%| O|  |TAMS 0x00000000a3800000, 0x00000000a3700000| Untracked 
|  40|0x00000000a3800000, 0x00000000a3900000, 0x00000000a3900000|100%| O|  |TAMS 0x00000000a3900000, 0x00000000a3800000| Untracked 
|  41|0x00000000a3900000, 0x00000000a3a00000, 0x00000000a3a00000|100%| O|  |TAMS 0x00000000a3a00000, 0x00000000a3900000| Untracked 
|  42|0x00000000a3a00000, 0x00000000a3b00000, 0x00000000a3b00000|100%| O|  |TAMS 0x00000000a3b00000, 0x00000000a3a00000| Untracked 
|  43|0x00000000a3b00000, 0x00000000a3c00000, 0x00000000a3c00000|100%| O|  |TAMS 0x00000000a3c00000, 0x00000000a3b00000| Untracked 
|  44|0x00000000a3c00000, 0x00000000a3d00000, 0x00000000a3d00000|100%| O|  |TAMS 0x00000000a3d00000, 0x00000000a3c00000| Untracked 
|  45|0x00000000a3d00000, 0x00000000a3e00000, 0x00000000a3e00000|100%| O|  |TAMS 0x00000000a3e00000, 0x00000000a3d00000| Untracked 
|  46|0x00000000a3e00000, 0x00000000a3f00000, 0x00000000a3f00000|100%| O|  |TAMS 0x00000000a3f00000, 0x00000000a3e00000| Untracked 
|  47|0x00000000a3f00000, 0x00000000a4000000, 0x00000000a4000000|100%| O|  |TAMS 0x00000000a4000000, 0x00000000a3f00000| Untracked 
|  48|0x00000000a4000000, 0x00000000a4100000, 0x00000000a4100000|100%| O|  |TAMS 0x00000000a4100000, 0x00000000a4000000| Untracked 
|  49|0x00000000a4100000, 0x00000000a4200000, 0x00000000a4200000|100%| O|  |TAMS 0x00000000a4200000, 0x00000000a4100000| Untracked 
|  50|0x00000000a4200000, 0x00000000a4300000, 0x00000000a4300000|100%| O|  |TAMS 0x00000000a4300000, 0x00000000a4200000| Untracked 
|  51|0x00000000a4300000, 0x00000000a4400000, 0x00000000a4400000|100%| O|  |TAMS 0x00000000a4400000, 0x00000000a4300000| Untracked 
|  52|0x00000000a4400000, 0x00000000a4500000, 0x00000000a4500000|100%| O|  |TAMS 0x00000000a4500000, 0x00000000a4400000| Untracked 
|  53|0x00000000a4500000, 0x00000000a4600000, 0x00000000a4600000|100%| O|  |TAMS 0x00000000a4600000, 0x00000000a4500000| Untracked 
|  54|0x00000000a4600000, 0x00000000a4700000, 0x00000000a4700000|100%| O|  |TAMS 0x00000000a4700000, 0x00000000a4600000| Untracked 
|  55|0x00000000a4700000, 0x00000000a4800000, 0x00000000a4800000|100%| O|  |TAMS 0x00000000a4800000, 0x00000000a4700000| Untracked 
|  56|0x00000000a4800000, 0x00000000a4900000, 0x00000000a4900000|100%| O|  |TAMS 0x00000000a4900000, 0x00000000a4800000| Untracked 
|  57|0x00000000a4900000, 0x00000000a4a00000, 0x00000000a4a00000|100%| O|  |TAMS 0x00000000a4a00000, 0x00000000a4900000| Untracked 
|  58|0x00000000a4a00000, 0x00000000a4b00000, 0x00000000a4b00000|100%| O|  |TAMS 0x00000000a4b00000, 0x00000000a4a00000| Untracked 
|  59|0x00000000a4b00000, 0x00000000a4c00000, 0x00000000a4c00000|100%| O|  |TAMS 0x00000000a4c00000, 0x00000000a4b00000| Untracked 
|  60|0x00000000a4c00000, 0x00000000a4d00000, 0x00000000a4d00000|100%| O|  |TAMS 0x00000000a4d00000, 0x00000000a4c00000| Untracked 
|  61|0x00000000a4d00000, 0x00000000a4e00000, 0x00000000a4e00000|100%| O|  |TAMS 0x00000000a4e00000, 0x00000000a4d00000| Untracked 
|  62|0x00000000a4e00000, 0x00000000a4f00000, 0x00000000a4f00000|100%| O|  |TAMS 0x00000000a4f00000, 0x00000000a4e00000| Untracked 
|  63|0x00000000a4f00000, 0x00000000a5000000, 0x00000000a5000000|100%| O|  |TAMS 0x00000000a5000000, 0x00000000a4f00000| Untracked 
|  64|0x00000000a5000000, 0x00000000a5100000, 0x00000000a5100000|100%| O|  |TAMS 0x00000000a5100000, 0x00000000a5000000| Untracked 
|  65|0x00000000a5100000, 0x00000000a5200000, 0x00000000a5200000|100%| O|  |TAMS 0x00000000a5200000, 0x00000000a5100000| Untracked 
|  66|0x00000000a5200000, 0x00000000a5300000, 0x00000000a5300000|100%| O|  |TAMS 0x00000000a5300000, 0x00000000a5200000| Untracked 
|  67|0x00000000a5300000, 0x00000000a5400000, 0x00000000a5400000|100%| O|  |TAMS 0x00000000a5400000, 0x00000000a5300000| Untracked 
|  68|0x00000000a5400000, 0x00000000a5500000, 0x00000000a5500000|100%| O|  |TAMS 0x00000000a5500000, 0x00000000a5400000| Untracked 
|  69|0x00000000a5500000, 0x00000000a5600000, 0x00000000a5600000|100%| O|  |TAMS 0x00000000a5600000, 0x00000000a5500000| Untracked 
|  70|0x00000000a5600000, 0x00000000a5700000, 0x00000000a5700000|100%| O|  |TAMS 0x00000000a5700000, 0x00000000a5600000| Untracked 
|  71|0x00000000a5700000, 0x00000000a5800000, 0x00000000a5800000|100%| O|  |TAMS 0x00000000a5800000, 0x00000000a5700000| Untracked 
|  72|0x00000000a5800000, 0x00000000a5900000, 0x00000000a5900000|100%| O|  |TAMS 0x00000000a5900000, 0x00000000a5800000| Untracked 
|  73|0x00000000a5900000, 0x00000000a5a00000, 0x00000000a5a00000|100%| O|  |TAMS 0x00000000a5a00000, 0x00000000a5900000| Untracked 
|  74|0x00000000a5a00000, 0x00000000a5b00000, 0x00000000a5b00000|100%| O|  |TAMS 0x00000000a5b00000, 0x00000000a5a00000| Untracked 
|  75|0x00000000a5b00000, 0x00000000a5bbf000, 0x00000000a5c00000| 74%| O|  |TAMS 0x00000000a5b00000, 0x00000000a5b00000| Untracked 
|  76|0x00000000a5c00000, 0x00000000a5d00000, 0x00000000a5d00000|100%| O|  |TAMS 0x00000000a5d00000, 0x00000000a5c00000| Untracked 
|  77|0x00000000a5d00000, 0x00000000a5e00000, 0x00000000a5e00000|100%| O|  |TAMS 0x00000000a5e00000, 0x00000000a5d00000| Untracked 
|  78|0x00000000a5e00000, 0x00000000a5f00000, 0x00000000a5f00000|100%| O|  |TAMS 0x00000000a5f00000, 0x00000000a5e00000| Untracked 
|  79|0x00000000a5f00000, 0x00000000a6000000, 0x00000000a6000000|100%| O|  |TAMS 0x00000000a6000000, 0x00000000a5f00000| Untracked 
|  80|0x00000000a6000000, 0x00000000a6100000, 0x00000000a6100000|100%| O|  |TAMS 0x00000000a6100000, 0x00000000a6000000| Untracked 
|  81|0x00000000a6100000, 0x00000000a6200000, 0x00000000a6200000|100%| O|  |TAMS 0x00000000a6200000, 0x00000000a6100000| Untracked 
|  82|0x00000000a6200000, 0x00000000a6300000, 0x00000000a6300000|100%| O|  |TAMS 0x00000000a6300000, 0x00000000a6200000| Untracked 
|  83|0x00000000a6300000, 0x00000000a6400000, 0x00000000a6400000|100%| O|  |TAMS 0x00000000a6400000, 0x00000000a6300000| Untracked 
|  84|0x00000000a6400000, 0x00000000a6500000, 0x00000000a6500000|100%| O|  |TAMS 0x00000000a6471a00, 0x00000000a6400000| Untracked 
|  85|0x00000000a6500000, 0x00000000a6500000, 0x00000000a6600000|  0%| F|  |TAMS 0x00000000a6500000, 0x00000000a6500000| Untracked 
|  86|0x00000000a6600000, 0x00000000a6700000, 0x00000000a6700000|100%| O|  |TAMS 0x00000000a6700000, 0x00000000a6600000| Untracked 
|  87|0x00000000a6700000, 0x00000000a6800000, 0x00000000a6800000|100%| O|  |TAMS 0x00000000a6800000, 0x00000000a6700000| Untracked 
|  88|0x00000000a6800000, 0x00000000a6900000, 0x00000000a6900000|100%| O|  |TAMS 0x00000000a6900000, 0x00000000a6800000| Untracked 
|  89|0x00000000a6900000, 0x00000000a6900000, 0x00000000a6a00000|  0%| F|  |TAMS 0x00000000a6900000, 0x00000000a6900000| Untracked 
|  90|0x00000000a6a00000, 0x00000000a6a00000, 0x00000000a6b00000|  0%| F|  |TAMS 0x00000000a6a00000, 0x00000000a6a00000| Untracked 
|  91|0x00000000a6b00000, 0x00000000a6b00000, 0x00000000a6c00000|  0%| F|  |TAMS 0x00000000a6b00000, 0x00000000a6b00000| Untracked 
|  92|0x00000000a6c00000, 0x00000000a6d00000, 0x00000000a6d00000|100%| O|  |TAMS 0x00000000a6d00000, 0x00000000a6c00000| Untracked 
|  93|0x00000000a6d00000, 0x00000000a6d00000, 0x00000000a6e00000|  0%| F|  |TAMS 0x00000000a6d00000, 0x00000000a6d00000| Untracked 
|  94|0x00000000a6e00000, 0x00000000a6f00000, 0x00000000a6f00000|100%| O|  |TAMS 0x00000000a6f00000, 0x00000000a6e00000| Untracked 
|  95|0x00000000a6f00000, 0x00000000a7000000, 0x00000000a7000000|100%| O|  |TAMS 0x00000000a7000000, 0x00000000a6f00000| Untracked 
|  96|0x00000000a7000000, 0x00000000a7100000, 0x00000000a7100000|100%| O|  |TAMS 0x00000000a7100000, 0x00000000a7000000| Untracked 
|  97|0x00000000a7100000, 0x00000000a7100000, 0x00000000a7200000|  0%| F|  |TAMS 0x00000000a7100000, 0x00000000a7100000| Untracked 
|  98|0x00000000a7200000, 0x00000000a7300000, 0x00000000a7300000|100%| O|  |TAMS 0x00000000a7300000, 0x00000000a7200000| Untracked 
|  99|0x00000000a7300000, 0x00000000a7300000, 0x00000000a7400000|  0%| F|  |TAMS 0x00000000a7300000, 0x00000000a7300000| Untracked 
| 100|0x00000000a7400000, 0x00000000a7500000, 0x00000000a7500000|100%| O|  |TAMS 0x00000000a7500000, 0x00000000a7400000| Untracked 
| 101|0x00000000a7500000, 0x00000000a7600000, 0x00000000a7600000|100%| O|  |TAMS 0x00000000a7600000, 0x00000000a7500000| Untracked 
| 102|0x00000000a7600000, 0x00000000a7700000, 0x00000000a7700000|100%| O|  |TAMS 0x00000000a7700000, 0x00000000a7600000| Untracked 
| 103|0x00000000a7700000, 0x00000000a7800000, 0x00000000a7800000|100%| O|  |TAMS 0x00000000a7800000, 0x00000000a7700000| Untracked 
| 104|0x00000000a7800000, 0x00000000a7900000, 0x00000000a7900000|100%| O|  |TAMS 0x00000000a7900000, 0x00000000a7800000| Untracked 
| 105|0x00000000a7900000, 0x00000000a7a00000, 0x00000000a7a00000|100%| O|  |TAMS 0x00000000a7a00000, 0x00000000a7900000| Untracked 
| 106|0x00000000a7a00000, 0x00000000a7b00000, 0x00000000a7b00000|100%| O|  |TAMS 0x00000000a7b00000, 0x00000000a7a00000| Untracked 
| 107|0x00000000a7b00000, 0x00000000a7c00000, 0x00000000a7c00000|100%| O|  |TAMS 0x00000000a7c00000, 0x00000000a7b00000| Untracked 
| 108|0x00000000a7c00000, 0x00000000a7d00000, 0x00000000a7d00000|100%| O|  |TAMS 0x00000000a7d00000, 0x00000000a7c00000| Untracked 
| 109|0x00000000a7d00000, 0x00000000a7e00000, 0x00000000a7e00000|100%| O|  |TAMS 0x00000000a7e00000, 0x00000000a7d00000| Untracked 
| 110|0x00000000a7e00000, 0x00000000a7f00000, 0x00000000a7f00000|100%| O|  |TAMS 0x00000000a7f00000, 0x00000000a7e00000| Untracked 
| 111|0x00000000a7f00000, 0x00000000a8000000, 0x00000000a8000000|100%| O|  |TAMS 0x00000000a8000000, 0x00000000a7f00000| Untracked 
| 112|0x00000000a8000000, 0x00000000a8100000, 0x00000000a8100000|100%| O|  |TAMS 0x00000000a8100000, 0x00000000a8000000| Untracked 
| 113|0x00000000a8100000, 0x00000000a8200000, 0x00000000a8200000|100%| O|  |TAMS 0x00000000a8200000, 0x00000000a8100000| Untracked 
| 114|0x00000000a8200000, 0x00000000a8200000, 0x00000000a8300000|  0%| F|  |TAMS 0x00000000a8200000, 0x00000000a8200000| Untracked 
| 115|0x00000000a8300000, 0x00000000a8300000, 0x00000000a8400000|  0%| F|  |TAMS 0x00000000a8300000, 0x00000000a8300000| Untracked 
| 116|0x00000000a8400000, 0x00000000a8500000, 0x00000000a8500000|100%| O|  |TAMS 0x00000000a8500000, 0x00000000a8400000| Untracked 
| 117|0x00000000a8500000, 0x00000000a8600000, 0x00000000a8600000|100%| O|  |TAMS 0x00000000a8600000, 0x00000000a8500000| Untracked 
| 118|0x00000000a8600000, 0x00000000a8700000, 0x00000000a8700000|100%| O|  |TAMS 0x00000000a8700000, 0x00000000a8600000| Untracked 
| 119|0x00000000a8700000, 0x00000000a8800000, 0x00000000a8800000|100%| O|  |TAMS 0x00000000a8800000, 0x00000000a8700000| Untracked 
| 120|0x00000000a8800000, 0x00000000a8900000, 0x00000000a8900000|100%| O|  |TAMS 0x00000000a8900000, 0x00000000a8800000| Untracked 
| 121|0x00000000a8900000, 0x00000000a8a00000, 0x00000000a8a00000|100%| O|  |TAMS 0x00000000a8a00000, 0x00000000a8900000| Untracked 
| 122|0x00000000a8a00000, 0x00000000a8b00000, 0x00000000a8b00000|100%| O|  |TAMS 0x00000000a8b00000, 0x00000000a8a00000| Untracked 
| 123|0x00000000a8b00000, 0x00000000a8c00000, 0x00000000a8c00000|100%| O|  |TAMS 0x00000000a8c00000, 0x00000000a8b00000| Untracked 
| 124|0x00000000a8c00000, 0x00000000a8d00000, 0x00000000a8d00000|100%| O|  |TAMS 0x00000000a8d00000, 0x00000000a8c00000| Untracked 
| 125|0x00000000a8d00000, 0x00000000a8d00000, 0x00000000a8e00000|  0%| F|  |TAMS 0x00000000a8d00000, 0x00000000a8d00000| Untracked 
| 126|0x00000000a8e00000, 0x00000000a8e00000, 0x00000000a8f00000|  0%| F|  |TAMS 0x00000000a8e00000, 0x00000000a8e00000| Untracked 
| 127|0x00000000a8f00000, 0x00000000a8f00000, 0x00000000a9000000|  0%| F|  |TAMS 0x00000000a8f00000, 0x00000000a8f00000| Untracked 
| 128|0x00000000a9000000, 0x00000000a9000000, 0x00000000a9100000|  0%| F|  |TAMS 0x00000000a9000000, 0x00000000a9000000| Untracked 
| 129|0x00000000a9100000, 0x00000000a9100000, 0x00000000a9200000|  0%| F|  |TAMS 0x00000000a9100000, 0x00000000a9100000| Untracked 
| 130|0x00000000a9200000, 0x00000000a9200000, 0x00000000a9300000|  0%| F|  |TAMS 0x00000000a9200000, 0x00000000a9200000| Untracked 
| 131|0x00000000a9300000, 0x00000000a9300000, 0x00000000a9400000|  0%| F|  |TAMS 0x00000000a9300000, 0x00000000a9300000| Untracked 
| 132|0x00000000a9400000, 0x00000000a9400000, 0x00000000a9500000|  0%| F|  |TAMS 0x00000000a9400000, 0x00000000a9400000| Untracked 
| 133|0x00000000a9500000, 0x00000000a9500000, 0x00000000a9600000|  0%| F|  |TAMS 0x00000000a9500000, 0x00000000a9500000| Untracked 
| 134|0x00000000a9600000, 0x00000000a9600000, 0x00000000a9700000|  0%| F|  |TAMS 0x00000000a9600000, 0x00000000a9600000| Untracked 
| 135|0x00000000a9700000, 0x00000000a9700000, 0x00000000a9800000|  0%| F|  |TAMS 0x00000000a9700000, 0x00000000a9700000| Untracked 
| 136|0x00000000a9800000, 0x00000000a9800000, 0x00000000a9900000|  0%| F|  |TAMS 0x00000000a9800000, 0x00000000a9800000| Untracked 
| 137|0x00000000a9900000, 0x00000000a9900000, 0x00000000a9a00000|  0%| F|  |TAMS 0x00000000a9900000, 0x00000000a9900000| Untracked 
| 138|0x00000000a9a00000, 0x00000000a9a00000, 0x00000000a9b00000|  0%| F|  |TAMS 0x00000000a9a00000, 0x00000000a9a00000| Untracked 
| 139|0x00000000a9b00000, 0x00000000a9b00000, 0x00000000a9c00000|  0%| F|  |TAMS 0x00000000a9b00000, 0x00000000a9b00000| Untracked 
| 140|0x00000000a9c00000, 0x00000000a9c00000, 0x00000000a9d00000|  0%| F|  |TAMS 0x00000000a9c00000, 0x00000000a9c00000| Untracked 
| 141|0x00000000a9d00000, 0x00000000a9d00000, 0x00000000a9e00000|  0%| F|  |TAMS 0x00000000a9d00000, 0x00000000a9d00000| Untracked 
| 142|0x00000000a9e00000, 0x00000000a9e00000, 0x00000000a9f00000|  0%| F|  |TAMS 0x00000000a9e00000, 0x00000000a9e00000| Untracked 
| 143|0x00000000a9f00000, 0x00000000aa000000, 0x00000000aa000000|100%| S|CS|TAMS 0x00000000a9f00000, 0x00000000a9f00000| Complete 
| 144|0x00000000aa000000, 0x00000000aa100000, 0x00000000aa100000|100%| S|CS|TAMS 0x00000000aa000000, 0x00000000aa000000| Complete 
| 145|0x00000000aa100000, 0x00000000aa100000, 0x00000000aa200000|  0%| F|  |TAMS 0x00000000aa100000, 0x00000000aa100000| Untracked 
| 146|0x00000000aa200000, 0x00000000aa200000, 0x00000000aa300000|  0%| F|  |TAMS 0x00000000aa200000, 0x00000000aa200000| Untracked 
| 147|0x00000000aa300000, 0x00000000aa300000, 0x00000000aa400000|  0%| F|  |TAMS 0x00000000aa300000, 0x00000000aa300000| Untracked 
| 148|0x00000000aa400000, 0x00000000aa400000, 0x00000000aa500000|  0%| F|  |TAMS 0x00000000aa400000, 0x00000000aa400000| Untracked 
| 149|0x00000000aa500000, 0x00000000aa500000, 0x00000000aa600000|  0%| F|  |TAMS 0x00000000aa500000, 0x00000000aa500000| Untracked 
| 150|0x00000000aa600000, 0x00000000aa600000, 0x00000000aa700000|  0%| F|  |TAMS 0x00000000aa600000, 0x00000000aa600000| Untracked 
| 151|0x00000000aa700000, 0x00000000aa700000, 0x00000000aa800000|  0%| F|  |TAMS 0x00000000aa700000, 0x00000000aa700000| Untracked 
| 152|0x00000000aa800000, 0x00000000aa800000, 0x00000000aa900000|  0%| F|  |TAMS 0x00000000aa800000, 0x00000000aa800000| Untracked 
| 153|0x00000000aa900000, 0x00000000aa900000, 0x00000000aaa00000|  0%| F|  |TAMS 0x00000000aa900000, 0x00000000aa900000| Untracked 
| 154|0x00000000aaa00000, 0x00000000aaa00000, 0x00000000aab00000|  0%| F|  |TAMS 0x00000000aaa00000, 0x00000000aaa00000| Untracked 
| 155|0x00000000aab00000, 0x00000000aab00000, 0x00000000aac00000|  0%| F|  |TAMS 0x00000000aab00000, 0x00000000aab00000| Untracked 
| 156|0x00000000aac00000, 0x00000000aac00000, 0x00000000aad00000|  0%| F|  |TAMS 0x00000000aac00000, 0x00000000aac00000| Untracked 
| 157|0x00000000aad00000, 0x00000000aad00000, 0x00000000aae00000|  0%| F|  |TAMS 0x00000000aad00000, 0x00000000aad00000| Untracked 
| 158|0x00000000aae00000, 0x00000000aae00000, 0x00000000aaf00000|  0%| F|  |TAMS 0x00000000aae00000, 0x00000000aae00000| Untracked 
| 159|0x00000000aaf00000, 0x00000000aaf00000, 0x00000000ab000000|  0%| F|  |TAMS 0x00000000aaf00000, 0x00000000aaf00000| Untracked 
| 160|0x00000000ab000000, 0x00000000ab000000, 0x00000000ab100000|  0%| F|  |TAMS 0x00000000ab000000, 0x00000000ab000000| Untracked 
| 161|0x00000000ab100000, 0x00000000ab100000, 0x00000000ab200000|  0%| F|  |TAMS 0x00000000ab100000, 0x00000000ab100000| Untracked 
| 162|0x00000000ab200000, 0x00000000ab200000, 0x00000000ab300000|  0%| F|  |TAMS 0x00000000ab200000, 0x00000000ab200000| Untracked 
| 163|0x00000000ab300000, 0x00000000ab300000, 0x00000000ab400000|  0%| F|  |TAMS 0x00000000ab300000, 0x00000000ab300000| Untracked 
| 164|0x00000000ab400000, 0x00000000ab400000, 0x00000000ab500000|  0%| F|  |TAMS 0x00000000ab400000, 0x00000000ab400000| Untracked 
| 165|0x00000000ab500000, 0x00000000ab500000, 0x00000000ab600000|  0%| F|  |TAMS 0x00000000ab500000, 0x00000000ab500000| Untracked 
| 166|0x00000000ab600000, 0x00000000ab600000, 0x00000000ab700000|  0%| F|  |TAMS 0x00000000ab600000, 0x00000000ab600000| Untracked 
| 167|0x00000000ab700000, 0x00000000ab700000, 0x00000000ab800000|  0%| F|  |TAMS 0x00000000ab700000, 0x00000000ab700000| Untracked 
| 168|0x00000000ab800000, 0x00000000ab800000, 0x00000000ab900000|  0%| F|  |TAMS 0x00000000ab800000, 0x00000000ab800000| Untracked 
| 169|0x00000000ab900000, 0x00000000ab900000, 0x00000000aba00000|  0%| F|  |TAMS 0x00000000ab900000, 0x00000000ab900000| Untracked 
| 170|0x00000000aba00000, 0x00000000aba00000, 0x00000000abb00000|  0%| F|  |TAMS 0x00000000aba00000, 0x00000000aba00000| Untracked 
| 171|0x00000000abb00000, 0x00000000abb00000, 0x00000000abc00000|  0%| F|  |TAMS 0x00000000abb00000, 0x00000000abb00000| Untracked 
| 172|0x00000000abc00000, 0x00000000abc00000, 0x00000000abd00000|  0%| F|  |TAMS 0x00000000abc00000, 0x00000000abc00000| Untracked 
| 173|0x00000000abd00000, 0x00000000abd00000, 0x00000000abe00000|  0%| F|  |TAMS 0x00000000abd00000, 0x00000000abd00000| Untracked 
| 174|0x00000000abe00000, 0x00000000abe00000, 0x00000000abf00000|  0%| F|  |TAMS 0x00000000abe00000, 0x00000000abe00000| Untracked 
| 175|0x00000000abf00000, 0x00000000abf00000, 0x00000000ac000000|  0%| F|  |TAMS 0x00000000abf00000, 0x00000000abf00000| Untracked 
| 176|0x00000000ac000000, 0x00000000ac000000, 0x00000000ac100000|  0%| F|  |TAMS 0x00000000ac000000, 0x00000000ac000000| Untracked 
| 177|0x00000000ac100000, 0x00000000ac100000, 0x00000000ac200000|  0%| F|  |TAMS 0x00000000ac100000, 0x00000000ac100000| Untracked 
| 178|0x00000000ac200000, 0x00000000ac200000, 0x00000000ac300000|  0%| F|  |TAMS 0x00000000ac200000, 0x00000000ac200000| Untracked 
| 179|0x00000000ac300000, 0x00000000ac300000, 0x00000000ac400000|  0%| F|  |TAMS 0x00000000ac300000, 0x00000000ac300000| Untracked 
| 180|0x00000000ac400000, 0x00000000ac400000, 0x00000000ac500000|  0%| F|  |TAMS 0x00000000ac400000, 0x00000000ac400000| Untracked 
| 181|0x00000000ac500000, 0x00000000ac600000, 0x00000000ac600000|100%| E|  |TAMS 0x00000000ac500000, 0x00000000ac500000| Complete 
| 182|0x00000000ac600000, 0x00000000ac700000, 0x00000000ac700000|100%| E|CS|TAMS 0x00000000ac600000, 0x00000000ac600000| Complete 
| 183|0x00000000ac700000, 0x00000000ac800000, 0x00000000ac800000|100%| E|CS|TAMS 0x00000000ac700000, 0x00000000ac700000| Complete 
| 184|0x00000000ac800000, 0x00000000ac900000, 0x00000000ac900000|100%| E|CS|TAMS 0x00000000ac800000, 0x00000000ac800000| Complete 
| 185|0x00000000ac900000, 0x00000000aca00000, 0x00000000aca00000|100%| E|CS|TAMS 0x00000000ac900000, 0x00000000ac900000| Complete 
| 186|0x00000000aca00000, 0x00000000acb00000, 0x00000000acb00000|100%| E|CS|TAMS 0x00000000aca00000, 0x00000000aca00000| Complete 
| 187|0x00000000acb00000, 0x00000000acc00000, 0x00000000acc00000|100%| E|CS|TAMS 0x00000000acb00000, 0x00000000acb00000| Complete 
| 188|0x00000000acc00000, 0x00000000acd00000, 0x00000000acd00000|100%| E|CS|TAMS 0x00000000acc00000, 0x00000000acc00000| Complete 
| 189|0x00000000acd00000, 0x00000000ace00000, 0x00000000ace00000|100%| E|CS|TAMS 0x00000000acd00000, 0x00000000acd00000| Complete 
| 190|0x00000000ace00000, 0x00000000acf00000, 0x00000000acf00000|100%| E|CS|TAMS 0x00000000ace00000, 0x00000000ace00000| Complete 
| 191|0x00000000acf00000, 0x00000000ad000000, 0x00000000ad000000|100%| E|CS|TAMS 0x00000000acf00000, 0x00000000acf00000| Complete 
| 192|0x00000000ad000000, 0x00000000ad100000, 0x00000000ad100000|100%| E|CS|TAMS 0x00000000ad000000, 0x00000000ad000000| Complete 
| 193|0x00000000ad100000, 0x00000000ad200000, 0x00000000ad200000|100%| E|CS|TAMS 0x00000000ad100000, 0x00000000ad100000| Complete 
| 194|0x00000000ad200000, 0x00000000ad300000, 0x00000000ad300000|100%| E|CS|TAMS 0x00000000ad200000, 0x00000000ad200000| Complete 
| 195|0x00000000ad300000, 0x00000000ad400000, 0x00000000ad400000|100%| E|CS|TAMS 0x00000000ad300000, 0x00000000ad300000| Complete 
| 196|0x00000000ad400000, 0x00000000ad500000, 0x00000000ad500000|100%| E|CS|TAMS 0x00000000ad400000, 0x00000000ad400000| Complete 
| 197|0x00000000ad500000, 0x00000000ad600000, 0x00000000ad600000|100%| E|CS|TAMS 0x00000000ad500000, 0x00000000ad500000| Complete 
| 198|0x00000000ad600000, 0x00000000ad700000, 0x00000000ad700000|100%| E|CS|TAMS 0x00000000ad600000, 0x00000000ad600000| Complete 
| 199|0x00000000ad700000, 0x00000000ad800000, 0x00000000ad800000|100%| E|CS|TAMS 0x00000000ad700000, 0x00000000ad700000| Complete 
| 200|0x00000000ad800000, 0x00000000ad900000, 0x00000000ad900000|100%| E|CS|TAMS 0x00000000ad800000, 0x00000000ad800000| Complete 
| 201|0x00000000ad900000, 0x00000000ada00000, 0x00000000ada00000|100%| E|CS|TAMS 0x00000000ad900000, 0x00000000ad900000| Complete 
| 202|0x00000000ada00000, 0x00000000adb00000, 0x00000000adb00000|100%| E|CS|TAMS 0x00000000ada00000, 0x00000000ada00000| Complete 
| 203|0x00000000adb00000, 0x00000000adc00000, 0x00000000adc00000|100%| E|CS|TAMS 0x00000000adb00000, 0x00000000adb00000| Complete 
| 204|0x00000000adc00000, 0x00000000add00000, 0x00000000add00000|100%| E|CS|TAMS 0x00000000adc00000, 0x00000000adc00000| Complete 
| 205|0x00000000add00000, 0x00000000ade00000, 0x00000000ade00000|100%| E|CS|TAMS 0x00000000add00000, 0x00000000add00000| Complete 

Card table byte_map: [0x00000199f9630000,0x00000199f9930000] _byte_map_base: 0x00000199f9128000

Marking Bits (Prev, Next): (CMBitMap*) 0x00000199f0beecf0, (CMBitMap*) 0x00000199f0beecb8
 Prev Bits: [0x00000199fb3f0000, 0x00000199fcbb0000)
 Next Bits: [0x00000199f9c30000, 0x00000199fb3f0000)

Polling page: 0x00000199eeaf0000

Metaspace:

Usage:
  Non-class:     79.09 MB capacity,    78.56 MB (>99%) used,   391.02 KB ( <1%) free+waste,   150.75 KB ( <1%) overhead. 
      Class:      9.52 MB capacity,     9.15 MB ( 96%) used,   317.88 KB (  3%) free+waste,    61.25 KB ( <1%) overhead. 
       Both:     88.61 MB capacity,    87.71 MB ( 99%) used,   708.90 KB ( <1%) free+waste,   212.00 KB ( <1%) overhead. 

Virtual space:
  Non-class space:       80.00 MB reserved,      79.18 MB ( 99%) committed 
      Class space:        1.00 GB reserved,       9.57 MB ( <1%) committed 
             Both:        1.08 GB reserved,      88.75 MB (  8%) committed 

Chunk freelists:
   Non-Class:  22.00 KB
       Class:  15.00 KB
        Both:  37.00 KB

MaxMetaspaceSize: 17179869184.00 GB
CompressedClassSpaceSize: 1.00 GB
Initial GC threshold: 20.80 MB
Current GC threshold: 147.09 MB
CDS: off

CodeHeap 'non-profiled nmethods': size=120064Kb used=10941Kb max_used=10941Kb free=109122Kb
 bounds [0x0000019987ac0000, 0x0000019988570000, 0x000001998f000000]
CodeHeap 'profiled nmethods': size=120000Kb used=54214Kb max_used=54214Kb free=65785Kb
 bounds [0x0000019980590000, 0x0000019983ab0000, 0x0000019987ac0000]
CodeHeap 'non-nmethods': size=5696Kb used=1398Kb max_used=1451Kb free=4297Kb
 bounds [0x0000019980000000, 0x0000019980270000, 0x0000019980590000]
 total_blobs=17603 nmethods=16900 adapters=611
 compilation: enabled
              stopped_count=0, restarted_count=0
 full_count=0

Compilation events (20 events):
Event: 27.577 Thread 0x00000199ffb55000 nmethod 18731 0x000001998856c610 code [0x000001998856c7e0, 0x000001998856c968]
Event: 27.577 Thread 0x00000199ffb55000 18739       4       org.jetbrains.kotlin.backend.jvm.lower.JvmValueClassAbstractLowering$visitClassNew$2::invoke (79 bytes)
Event: 27.581 Thread 0x00000199ff0a8800 18744       3       org.jetbrains.kotlin.config.CompilerConfiguration::get (35 bytes)
Event: 27.581 Thread 0x00000199ff0a8800 nmethod 18744 0x00000199819fdd90 code [0x00000199819fdf80, 0x00000199819fe248]
Event: 27.585 Thread 0x00000199ff0a8800 18745       3       org.jetbrains.kotlin.ir.visitors.IrElementTransformerVoid::visitSyntheticBody (16 bytes)
Event: 27.585 Thread 0x00000199ff0a8800 nmethod 18745 0x0000019983a96090 code [0x0000019983a962c0, 0x0000019983a96908]
Event: 27.592 Thread 0x00000199ff0a8800 18746       3       org.jetbrains.kotlin.ir.types.impl.IrSimpleTypeImplKt::makeTypeProjection (163 bytes)
Event: 27.592 Thread 0x00000199ffb55000 nmethod 18739 0x000001998856cc10 code [0x000001998856ce80, 0x000001998856db30]
Event: 27.592 Thread 0x00000199ffb55000 18743       4       org.jetbrains.kotlin.backend.jvm.MemoizedInlineClassReplacements$getReplacementFunction$1::invoke (9 bytes)
Event: 27.594 Thread 0x00000199ff0a8800 nmethod 18746 0x0000019983a96b90 code [0x0000019983a971e0, 0x0000019983a9a688]
Event: 27.594 Thread 0x00000199ff0a8800 18747       3       org.jetbrains.kotlin.backend.common.BodyLoweringVisitor::visitEnumEntry (13 bytes)
Event: 27.595 Thread 0x00000199ff0a8800 nmethod 18747 0x0000019983a9b590 code [0x0000019983a9b860, 0x0000019983a9c628]
Event: 27.595 Thread 0x00000199ff0a8800 18748       3       org.jetbrains.kotlin.backend.common.BodyLoweringVisitor::visitEnumEntry (8 bytes)
Event: 27.595 Thread 0x00000199ff0a8800 nmethod 18748 0x0000019983a9ca90 code [0x0000019983a9cd60, 0x0000019983a9d988]
Event: 27.601 Thread 0x00000199ff0a8800 18751       3       org.jetbrains.kotlin.ir.declarations.impl.IrEnumEntryImpl::getParent (17 bytes)
Event: 27.602 Thread 0x00000199ff0a8800 nmethod 18751 0x0000019983a9de10 code [0x0000019983a9e0a0, 0x0000019983a9e8f8]
Event: 27.602 Thread 0x00000199ff0a8800 18752       1       org.jetbrains.kotlin.backend.jvm.lower.EnumClassLowering::access$getContext$p (5 bytes)
Event: 27.602 Thread 0x00000199ff0a8800 nmethod 18752 0x000001998856e610 code [0x000001998856e7c0, 0x000001998856e858]
Event: 27.602 Thread 0x00000199ff0a8800 18753       3       org.jetbrains.kotlin.ir.declarations.lazy.IrLazyClass::getTypeParameters (19 bytes)
Event: 27.602 Thread 0x00000199ff0a8800 nmethod 18753 0x000001998132eb90 code [0x000001998132ed60, 0x000001998132f068]

GC Heap History (20 events):
Event: 23.601 GC heap before
{Heap before GC invocations=30 (full 0):
 garbage-first heap   total 175104K, used 118206K [0x00000000a1000000, 0x0000000100000000)
  region size 1024K, 8 young (8192K), 6 survivors (6144K)
 Metaspace       used 79251K, capacity 80187K, committed 80384K, reserved 1120256K
  class space    used 8374K, capacity 8747K, committed 8780K, reserved 1048576K
}
Event: 23.610 GC heap after
{Heap after GC invocations=31 (full 0):
 garbage-first heap   total 175104K, used 117760K [0x00000000a1000000, 0x0000000100000000)
  region size 1024K, 1 young (1024K), 1 survivors (1024K)
 Metaspace       used 79251K, capacity 80187K, committed 80384K, reserved 1120256K
  class space    used 8374K, capacity 8747K, committed 8780K, reserved 1048576K
}
Event: 24.153 GC heap before
{Heap before GC invocations=31 (full 0):
 garbage-first heap   total 175104K, used 144384K [0x00000000a1000000, 0x0000000100000000)
  region size 1024K, 27 young (27648K), 1 survivors (1024K)
 Metaspace       used 82275K, capacity 83198K, committed 83328K, reserved 1124352K
  class space    used 8673K, capacity 9068K, committed 9164K, reserved 1048576K
}
Event: 24.159 GC heap after
{Heap after GC invocations=32 (full 0):
 garbage-first heap   total 175104K, used 122819K [0x00000000a1000000, 0x0000000100000000)
  region size 1024K, 4 young (4096K), 4 survivors (4096K)
 Metaspace       used 82275K, capacity 83198K, committed 83328K, reserved 1124352K
  class space    used 8673K, capacity 9068K, committed 9164K, reserved 1048576K
}
Event: 24.726 GC heap before
{Heap before GC invocations=33 (full 0):
 garbage-first heap   total 175104K, used 142275K [0x00000000a1000000, 0x0000000100000000)
  region size 1024K, 26 young (26624K), 4 survivors (4096K)
 Metaspace       used 85775K, capacity 86721K, committed 87040K, reserved 1126400K
  class space    used 9062K, capacity 9453K, committed 9548K, reserved 1048576K
}
Event: 24.736 GC heap after
{Heap after GC invocations=34 (full 0):
 garbage-first heap   total 175104K, used 123376K [0x00000000a1000000, 0x0000000100000000)
  region size 1024K, 3 young (3072K), 3 survivors (3072K)
 Metaspace       used 85775K, capacity 86721K, committed 87040K, reserved 1126400K
  class space    used 9062K, capacity 9453K, committed 9548K, reserved 1048576K
}
Event: 24.823 GC heap before
{Heap before GC invocations=34 (full 0):
 garbage-first heap   total 175104K, used 128496K [0x00000000a1000000, 0x0000000100000000)
  region size 1024K, 8 young (8192K), 3 survivors (3072K)
 Metaspace       used 86076K, capacity 87009K, committed 87296K, reserved 1126400K
  class space    used 9089K, capacity 9485K, committed 9548K, reserved 1048576K
}
Event: 24.835 GC heap after
{Heap after GC invocations=35 (full 0):
 garbage-first heap   total 175104K, used 116906K [0x00000000a1000000, 0x0000000100000000)
  region size 1024K, 1 young (1024K), 1 survivors (1024K)
 Metaspace       used 86076K, capacity 87009K, committed 87296K, reserved 1126400K
  class space    used 9089K, capacity 9485K, committed 9548K, reserved 1048576K
}
Event: 25.211 GC heap before
{Heap before GC invocations=35 (full 0):
 garbage-first heap   total 175104K, used 140458K [0x00000000a1000000, 0x0000000100000000)
  region size 1024K, 25 young (25600K), 1 survivors (1024K)
 Metaspace       used 87718K, capacity 88685K, committed 88960K, reserved 1128448K
  class space    used 9236K, capacity 9617K, committed 9676K, reserved 1048576K
}
Event: 25.216 GC heap after
{Heap after GC invocations=36 (full 0):
 garbage-first heap   total 175104K, used 117822K [0x00000000a1000000, 0x0000000100000000)
  region size 1024K, 2 young (2048K), 2 survivors (2048K)
 Metaspace       used 87718K, capacity 88685K, committed 88960K, reserved 1128448K
  class space    used 9236K, capacity 9617K, committed 9676K, reserved 1048576K
}
Event: 25.885 GC heap before
{Heap before GC invocations=37 (full 0):
 garbage-first heap   total 175104K, used 142398K [0x00000000a1000000, 0x0000000100000000)
  region size 1024K, 26 young (26624K), 2 survivors (2048K)
 Metaspace       used 88689K, capacity 89645K, committed 89856K, reserved 1130496K
  class space    used 9298K, capacity 9681K, committed 9804K, reserved 1048576K
}
Event: 25.893 GC heap after
{Heap after GC invocations=38 (full 0):
 garbage-first heap   total 175104K, used 118810K [0x00000000a1000000, 0x0000000100000000)
  region size 1024K, 3 young (3072K), 3 survivors (3072K)
 Metaspace       used 88689K, capacity 89645K, committed 89856K, reserved 1130496K
  class space    used 9298K, capacity 9681K, committed 9804K, reserved 1048576K
}
Event: 25.969 GC heap before
{Heap before GC invocations=38 (full 0):
 garbage-first heap   total 175104K, used 123930K [0x00000000a1000000, 0x0000000100000000)
  region size 1024K, 8 young (8192K), 3 survivors (3072K)
 Metaspace       used 88795K, capacity 89709K, committed 89856K, reserved 1130496K
  class space    used 9304K, capacity 9681K, committed 9804K, reserved 1048576K
}
Event: 25.978 GC heap after
{Heap after GC invocations=39 (full 0):
 garbage-first heap   total 175104K, used 117675K [0x00000000a1000000, 0x0000000100000000)
  region size 1024K, 1 young (1024K), 1 survivors (1024K)
 Metaspace       used 88795K, capacity 89709K, committed 89856K, reserved 1130496K
  class space    used 9304K, capacity 9681K, committed 9804K, reserved 1048576K
}
Event: 26.401 GC heap before
{Heap before GC invocations=39 (full 0):
 garbage-first heap   total 175104K, used 143275K [0x00000000a1000000, 0x0000000100000000)
  region size 1024K, 26 young (26624K), 1 survivors (1024K)
 Metaspace       used 89133K, capacity 90063K, committed 90368K, reserved 1130496K
  class space    used 9326K, capacity 9713K, committed 9804K, reserved 1048576K
}
Event: 26.410 GC heap after
{Heap after GC invocations=40 (full 0):
 garbage-first heap   total 175104K, used 118661K [0x00000000a1000000, 0x0000000100000000)
  region size 1024K, 2 young (2048K), 2 survivors (2048K)
 Metaspace       used 89133K, capacity 90063K, committed 90368K, reserved 1130496K
  class space    used 9326K, capacity 9713K, committed 9804K, reserved 1048576K
}
Event: 27.015 GC heap before
{Heap before GC invocations=41 (full 0):
 garbage-first heap   total 175104K, used 144261K [0x00000000a1000000, 0x0000000100000000)
  region size 1024K, 27 young (27648K), 2 survivors (2048K)
 Metaspace       used 89422K, capacity 90351K, committed 90624K, reserved 1130496K
  class space    used 9348K, capacity 9745K, committed 9804K, reserved 1048576K
}
Event: 27.024 GC heap after
{Heap after GC invocations=42 (full 0):
 garbage-first heap   total 175104K, used 120087K [0x00000000a1000000, 0x0000000100000000)
  region size 1024K, 3 young (3072K), 3 survivors (3072K)
 Metaspace       used 89422K, capacity 90351K, committed 90624K, reserved 1130496K
  class space    used 9348K, capacity 9745K, committed 9804K, reserved 1048576K
}
Event: 27.385 GC heap before
{Heap before GC invocations=42 (full 0):
 garbage-first heap   total 175104K, used 145687K [0x00000000a1000000, 0x0000000100000000)
  region size 1024K, 28 young (28672K), 3 survivors (3072K)
 Metaspace       used 89573K, capacity 90543K, committed 90624K, reserved 1130496K
  class space    used 9348K, capacity 9745K, committed 9804K, reserved 1048576K
}
Event: 27.394 GC heap after
{Heap after GC invocations=43 (full 0):
 garbage-first heap   total 210944K, used 120572K [0x00000000a1000000, 0x0000000100000000)
  region size 1024K, 2 young (2048K), 2 survivors (2048K)
 Metaspace       used 89573K, capacity 90543K, committed 90624K, reserved 1130496K
  class space    used 9348K, capacity 9745K, committed 9804K, reserved 1048576K
}

Deoptimization events (20 events):
Event: 27.526 Thread 0x00000199f0bb8800 Uncommon trap: trap_request=0xffffffde fr.pc=0x00000199883937d8 relative=0x00000000000004b8
Event: 27.526 Thread 0x00000199f0bb8800 Uncommon trap: reason=class_check action=maybe_recompile pc=0x00000199883937d8 method=org.jetbrains.kotlin.com.intellij.extapi.psi.ASTDelegatePsiElement.getTextRange()Lorg/jetbrains/kotlin/com/intellij/openapi/util/TextRange; @ 4 c2
Event: 27.526 Thread 0x00000199f0bb8800 DEOPT PACKING pc=0x00000199883937d8 sp=0x00000021f00fd040
Event: 27.526 Thread 0x00000199f0bb8800 DEOPT UNPACKING pc=0x000001998004a1af sp=0x00000021f00fd008 mode 2
Event: 27.553 Thread 0x00000199f0bb8800 Uncommon trap: trap_request=0xffffff6e fr.pc=0x0000019988558958 relative=0x0000000000000098
Event: 27.553 Thread 0x00000199f0bb8800 Uncommon trap: reason=speculate_class_check action=maybe_recompile pc=0x0000019988558958 method=org.jetbrains.kotlin.backend.jvm.lower.FakeInliningLocalVariablesLowering.visitFunction(Lorg/jetbrains/kotlin/ir/declarations/IrFunction;Lorg/jetbrains/kotlin/
Event: 27.553 Thread 0x00000199f0bb8800 DEOPT PACKING pc=0x0000019988558958 sp=0x00000021f00fd980
Event: 27.553 Thread 0x00000199f0bb8800 DEOPT UNPACKING pc=0x000001998004a1af sp=0x00000021f00fd898 mode 2
Event: 27.553 Thread 0x00000199f0bb8800 Uncommon trap: trap_request=0xffffff6e fr.pc=0x0000019988558958 relative=0x0000000000000098
Event: 27.553 Thread 0x00000199f0bb8800 Uncommon trap: reason=speculate_class_check action=maybe_recompile pc=0x0000019988558958 method=org.jetbrains.kotlin.backend.jvm.lower.FakeInliningLocalVariablesLowering.visitFunction(Lorg/jetbrains/kotlin/ir/declarations/IrFunction;Lorg/jetbrains/kotlin/
Event: 27.553 Thread 0x00000199f0bb8800 DEOPT PACKING pc=0x0000019988558958 sp=0x00000021f00fd660
Event: 27.553 Thread 0x00000199f0bb8800 DEOPT UNPACKING pc=0x000001998004a1af sp=0x00000021f00fd578 mode 2
Event: 27.574 Thread 0x00000199f0bb8800 Uncommon trap: trap_request=0xffffff6e fr.pc=0x000001998851e124 relative=0x0000000000000aa4
Event: 27.574 Thread 0x00000199f0bb8800 Uncommon trap: reason=speculate_class_check action=maybe_recompile pc=0x000001998851e124 method=org.jetbrains.kotlin.backend.jvm.lower.JvmValueClassAbstractLowering.transformFunctionFlat(Lorg/jetbrains/kotlin/ir/declarations/IrFunction;)Ljava/util/List; @
Event: 27.574 Thread 0x00000199f0bb8800 DEOPT PACKING pc=0x000001998851e124 sp=0x00000021f00fdd30
Event: 27.574 Thread 0x00000199f0bb8800 DEOPT UNPACKING pc=0x000001998004a1af sp=0x00000021f00fdc48 mode 2
Event: 27.574 Thread 0x00000199f0bb8800 Uncommon trap: trap_request=0xffffff6e fr.pc=0x000001998851e124 relative=0x0000000000000aa4
Event: 27.574 Thread 0x00000199f0bb8800 Uncommon trap: reason=speculate_class_check action=maybe_recompile pc=0x000001998851e124 method=org.jetbrains.kotlin.backend.jvm.lower.JvmValueClassAbstractLowering.transformFunctionFlat(Lorg/jetbrains/kotlin/ir/declarations/IrFunction;)Ljava/util/List; @
Event: 27.574 Thread 0x00000199f0bb8800 DEOPT PACKING pc=0x000001998851e124 sp=0x00000021f00fd850
Event: 27.574 Thread 0x00000199f0bb8800 DEOPT UNPACKING pc=0x000001998004a1af sp=0x00000021f00fd768 mode 2

Classes redefined (0 events):
No events

Internal exceptions (20 events):
Event: 11.210 Thread 0x00000199f0bb8800 Implicit null exception at 0x0000019987adcaf7 to 0x0000019987add07c
Event: 11.231 Thread 0x00000199f0bb8800 Implicit null exception at 0x0000019987adfef4 to 0x0000019987ae048c
Event: 12.950 Thread 0x00000199f0bb8800 Exception <a 'java/lang/NoSuchMethodError'{0x00000000a8701ae0}: 'java.lang.Object java.lang.invoke.DirectMethodHandle$Holder.invokeSpecial(java.lang.Object, java.lang.Object, int, java.lang.Object, java.lang.Object)'> (0x00000000a8701ae0) thrown at [s\src\hotspot\share\interpreter\linkResolver.cpp, line 773]
Event: 21.600 Thread 0x00000199f0bb8800 Implicit null exception at 0x000001998823ab33 to 0x000001998823ac8c
Event: 21.656 Thread 0x00000199f0bb8800 Exception <a 'java/lang/NoSuchMethodError'{0x00000000a9de6ad0}: 'java.lang.Object java.lang.invoke.DirectMethodHandle$Holder.invokeStaticInit(java.lang.Object, java.lang.Object, java.lang.Object, java.lang.Object)'> (0x00000000a9de6ad0) thrown at [s\src\hotspot\share\interpreter\linkResolver.cpp, line 773]
Event: 21.984 Thread 0x00000199f0bb8800 Exception <a 'java/lang/NoSuchMethodError'{0x00000000ab9c1fb0}: 'java.lang.Object java.lang.invoke.DirectMethodHandle$Holder.invokeStatic(java.lang.Object, java.lang.Object, java.lang.Object, int, int, java.lang.Object, java.lang.Object, java.lang.Object)'> (0x00000000ab9c1fb0) thrown at [s\src\hotspot\share\interpreter\linkResolver.cpp, line 773]
Event: 21.985 Thread 0x00000199f0bb8800 Exception <a 'java/lang/NoSuchMethodError'{0x00000000ab9cc588}: 'java.lang.Object java.lang.invoke.DirectMethodHandle$Holder.invokeStatic(java.lang.Object, java.lang.Object, java.lang.Object, int, int)'> (0x00000000ab9cc588) thrown at [s\src\hotspot\share\interpreter\linkResolver.cpp, line 773]
Event: 21.985 Thread 0x00000199f0bb8800 Exception <a 'java/lang/NoSuchMethodError'{0x00000000ab9cfd68}: 'java.lang.Object java.lang.invoke.DirectMethodHandle$Holder.invokeSpecial(java.lang.Object, java.lang.Object, java.lang.Object, java.lang.Object, int, int)'> (0x00000000ab9cfd68) thrown at [s\src\hotspot\share\interpreter\linkResolver.cpp, line 773]
Event: 21.985 Thread 0x00000199f0bb8800 Exception <a 'java/lang/NoSuchMethodError'{0x00000000ab9d2e70}: 'java.lang.Object java.lang.invoke.Invokers$Holder.linkToTargetMethod(java.lang.Object, java.lang.Object, int, int, java.lang.Object)'> (0x00000000ab9d2e70) thrown at [s\src\hotspot\share\interpreter\linkResolver.cpp, line 773]
Event: 22.033 Thread 0x00000199f0bb8800 Exception <a 'java/lang/NoSuchMethodError'{0x00000000ab781a98}: 'java.lang.Object java.lang.invoke.DirectMethodHandle$Holder.invokeStatic(java.lang.Object, java.lang.Object, java.lang.Object, int, int, java.lang.Object, java.lang.Object, java.lang.Object, java.lang.Object)'> (0x00000000ab781a98) thrown at [s\src\hotspot\share\interpreter\linkResolver.cpp, line 773]
Event: 22.035 Thread 0x00000199f0bb8800 Exception <a 'java/lang/NoSuchMethodError'{0x00000000ab798b48}: 'java.lang.Object java.lang.invoke.DirectMethodHandle$Holder.invokeStatic(java.lang.Object, java.lang.Object, java.lang.Object, int, int, java.lang.Object, java.lang.Object)'> (0x00000000ab798b48) thrown at [s\src\hotspot\share\interpreter\linkResolver.cpp, line 773]
Event: 22.035 Thread 0x00000199f0bb8800 Exception <a 'java/lang/NoSuchMethodError'{0x00000000ab79c760}: 'java.lang.Object java.lang.invoke.DirectMethodHandle$Holder.invokeSpecial(java.lang.Object, java.lang.Object, java.lang.Object, java.lang.Object, int, int, java.lang.Object, java.lang.Object)'> (0x00000000ab79c760) thrown at [s\src\hotspot\share\interpreter\linkResolver.cpp, line 773]
Event: 22.035 Thread 0x00000199f0bb8800 Exception <a 'java/lang/NoSuchMethodError'{0x00000000ab79fb70}: 'java.lang.Object java.lang.invoke.Invokers$Holder.linkToTargetMethod(java.lang.Object, java.lang.Object, int, int, java.lang.Object, java.lang.Object, java.lang.Object)'> (0x00000000ab79fb70) thrown at [s\src\hotspot\share\interpreter\linkResolver.cpp, line 773]
Event: 22.075 Thread 0x00000199f0bb8800 Exception <a 'java/lang/NoSuchMethodError'{0x00000000ab6b1278}: 'java.lang.Object java.lang.invoke.DirectMethodHandle$Holder.invokeSpecial(java.lang.Object, java.lang.Object, int, int, java.lang.Object, java.lang.Object, java.lang.Object, java.lang.Object, java.lang.Object)'> (0x00000000ab6b1278) thrown at [s\src\hotspot\share\interpreter\linkResolver.cpp, line 773]
Event: 22.384 Thread 0x00000199f0bb8800 Implicit null exception at 0x0000019987b2c574 to 0x0000019987b2c78c
Event: 22.429 Thread 0x00000199f0bb8800 Exception <a 'java/lang/NoSuchMethodError'{0x00000000aa623230}: 'java.lang.Object java.lang.invoke.DirectMethodHandle$Holder.invokeStatic(java.lang.Object, java.lang.Object, java.lang.Object, int, int, java.lang.Object)'> (0x00000000aa623230) thrown at [s\src\hotspot\share\interpreter\linkResolver.cpp, line 773]
Event: 22.429 Thread 0x00000199f0bb8800 Exception <a 'java/lang/NoSuchMethodError'{0x00000000aa626ca8}: 'java.lang.Object java.lang.invoke.DirectMethodHandle$Holder.invokeSpecial(java.lang.Object, java.lang.Object, java.lang.Object, java.lang.Object, int, int, java.lang.Object)'> (0x00000000aa626ca8) thrown at [s\src\hotspot\share\interpreter\linkResolver.cpp, line 773]
Event: 22.429 Thread 0x00000199f0bb8800 Exception <a 'java/lang/NoSuchMethodError'{0x00000000aa629f20}: 'java.lang.Object java.lang.invoke.Invokers$Holder.linkToTargetMethod(java.lang.Object, java.lang.Object, int, int, java.lang.Object, java.lang.Object)'> (0x00000000aa629f20) thrown at [s\src\hotspot\share\interpreter\linkResolver.cpp, line 773]
Event: 22.656 Thread 0x00000199f0bb8800 Implicit null exception at 0x0000019987b0924c to 0x0000019987b09294
Event: 25.136 Thread 0x00000199f0bb8800 Implicit null exception at 0x00000199884b24d6 to 0x00000199884b2706

Events (20 events):
Event: 27.498 loading class org/jetbrains/kotlin/backend/common/lower/optimizations/FoldConstantLowering$Companion$12
Event: 27.498 loading class org/jetbrains/kotlin/backend/common/lower/optimizations/FoldConstantLowering$Companion$12 done
Event: 27.498 loading class org/jetbrains/kotlin/backend/common/lower/optimizations/FoldConstantLowering$Companion$13
Event: 27.498 loading class org/jetbrains/kotlin/backend/common/lower/optimizations/FoldConstantLowering$Companion$13 done
Event: 27.499 loading class org/jetbrains/kotlin/backend/common/lower/optimizations/FoldConstantLowering$Companion$14
Event: 27.499 loading class org/jetbrains/kotlin/backend/common/lower/optimizations/FoldConstantLowering$Companion$14 done
Event: 27.499 loading class org/jetbrains/kotlin/backend/common/lower/optimizations/FoldConstantLowering$Companion$15
Event: 27.499 loading class org/jetbrains/kotlin/backend/common/lower/optimizations/FoldConstantLowering$Companion$15 done
Event: 27.499 loading class org/jetbrains/kotlin/backend/common/lower/optimizations/FoldConstantLowering$Companion$16
Event: 27.499 loading class org/jetbrains/kotlin/backend/common/lower/optimizations/FoldConstantLowering$Companion$16 done
Event: 27.499 loading class org/jetbrains/kotlin/backend/common/lower/optimizations/FoldConstantLowering$Companion$17
Event: 27.499 loading class org/jetbrains/kotlin/backend/common/lower/optimizations/FoldConstantLowering$Companion$17 done
Event: 27.499 loading class org/jetbrains/kotlin/backend/common/lower/optimizations/FoldConstantLowering$Companion$18
Event: 27.499 loading class org/jetbrains/kotlin/backend/common/lower/optimizations/FoldConstantLowering$Companion$18 done
Event: 27.500 loading class org/jetbrains/kotlin/backend/common/lower/optimizations/FoldConstantLowering$Companion$19
Event: 27.500 loading class org/jetbrains/kotlin/backend/common/lower/optimizations/FoldConstantLowering$Companion$19 done
Event: 27.500 loading class org/jetbrains/kotlin/backend/common/lower/optimizations/FoldConstantLowering$Companion$20
Event: 27.500 loading class org/jetbrains/kotlin/backend/common/lower/optimizations/FoldConstantLowering$Companion$20 done
Event: 27.500 loading class org/jetbrains/kotlin/backend/common/lower/FlattenStringConcatenationLowering$Companion$collectStringConcatenationArguments$1
Event: 27.500 loading class org/jetbrains/kotlin/backend/common/lower/FlattenStringConcatenationLowering$Companion$collectStringConcatenationArguments$1 done


Dynamic libraries:
0x00007ff635a50000 - 0x00007ff635a5e000 	C:\Program Files\Eclipse Adoptium\jdk-11.0.19.7-hotspot\bin\java.exe
0x00007ff91a7b0000 - 0x00007ff91a9a8000 	C:\Windows\SYSTEM32\ntdll.dll
0x00007ff918eb0000 - 0x00007ff918f6f000 	C:\Windows\System32\KERNEL32.DLL
0x00007ff917ea0000 - 0x00007ff918172000 	C:\Windows\System32\KERNELBASE.dll
0x00007ff918310000 - 0x00007ff918410000 	C:\Windows\System32\ucrtbase.dll
0x00007ff8cfd10000 - 0x00007ff8cfd29000 	C:\Program Files\Eclipse Adoptium\jdk-11.0.19.7-hotspot\bin\VCRUNTIME140.dll
0x00007ff8cfd30000 - 0x00007ff8cfd48000 	C:\Program Files\Eclipse Adoptium\jdk-11.0.19.7-hotspot\bin\jli.dll
0x00007ff91a490000 - 0x00007ff91a631000 	C:\Windows\System32\USER32.dll
0x00007ff8fea80000 - 0x00007ff8fed1a000 	C:\Windows\WinSxS\amd64_microsoft.windows.common-controls_6595b64144ccf1df_6.0.19041.1110_none_60b5254171f9507e\COMCTL32.dll
0x00007ff918750000 - 0x00007ff918772000 	C:\Windows\System32\win32u.dll
0x00007ff91a310000 - 0x00007ff91a3ae000 	C:\Windows\System32\msvcrt.dll
0x00007ff91a210000 - 0x00007ff91a23b000 	C:\Windows\System32\GDI32.dll
0x00007ff918570000 - 0x00007ff91867f000 	C:\Windows\System32\gdi32full.dll
0x00007ff918680000 - 0x00007ff91871d000 	C:\Windows\System32\msvcp_win.dll
0x00007ff919b90000 - 0x00007ff919bc2000 	C:\Windows\System32\IMM32.DLL
0x00007ff9046a0000 - 0x00007ff9046ac000 	C:\Program Files\Eclipse Adoptium\jdk-11.0.19.7-hotspot\bin\vcruntime140_1.dll
0x00007ff8c8220000 - 0x00007ff8c82b1000 	C:\Program Files\Eclipse Adoptium\jdk-11.0.19.7-hotspot\bin\msvcp140.dll
0x00007ff8c6ac0000 - 0x00007ff8c767c000 	C:\Program Files\Eclipse Adoptium\jdk-11.0.19.7-hotspot\bin\server\jvm.dll
0x00007ff91a240000 - 0x00007ff91a2ee000 	C:\Windows\System32\ADVAPI32.dll
0x00007ff918f70000 - 0x00007ff91900c000 	C:\Windows\System32\sechost.dll
0x00007ff919bd0000 - 0x00007ff919cf5000 	C:\Windows\System32\RPCRT4.dll
0x00007ff919d70000 - 0x00007ff919d78000 	C:\Windows\System32\PSAPI.DLL
0x00007ff908f50000 - 0x00007ff908f59000 	C:\Windows\SYSTEM32\WSOCK32.dll
0x00007ff90eb90000 - 0x00007ff90ebb7000 	C:\Windows\SYSTEM32\WINMM.dll
0x00007ff916600000 - 0x00007ff91660a000 	C:\Windows\SYSTEM32\VERSION.dll
0x00007ff91a080000 - 0x00007ff91a0eb000 	C:\Windows\System32\WS2_32.dll
0x00007ff916710000 - 0x00007ff916722000 	C:\Windows\SYSTEM32\kernel.appcore.dll
0x00007ff8fc240000 - 0x00007ff8fc250000 	C:\Program Files\Eclipse Adoptium\jdk-11.0.19.7-hotspot\bin\verify.dll
0x00007ff9108b0000 - 0x00007ff910a94000 	C:\Windows\SYSTEM32\DBGHELP.DLL
0x00007ff90f420000 - 0x00007ff90f455000 	C:\Windows\SYSTEM32\dbgcore.DLL
0x00007ff9181d0000 - 0x00007ff918252000 	C:\Windows\System32\bcryptPrimitives.dll
0x00007ff8c7fa0000 - 0x00007ff8c7fc8000 	C:\Program Files\Eclipse Adoptium\jdk-11.0.19.7-hotspot\bin\java.dll
0x00007ff8f4cb0000 - 0x00007ff8f4cba000 	C:\Program Files\Eclipse Adoptium\jdk-11.0.19.7-hotspot\bin\jimage.dll
0x00007ff8c7f80000 - 0x00007ff8c7f98000 	C:\Program Files\Eclipse Adoptium\jdk-11.0.19.7-hotspot\bin\zip.dll
0x00007ff919010000 - 0x00007ff919754000 	C:\Windows\System32\SHELL32.dll
0x00007ff915e60000 - 0x00007ff9165f2000 	C:\Windows\SYSTEM32\windows.storage.dll
0x00007ff919760000 - 0x00007ff919ab5000 	C:\Windows\System32\combase.dll
0x00007ff917820000 - 0x00007ff917850000 	C:\Windows\SYSTEM32\Wldp.dll
0x00007ff918990000 - 0x00007ff918a3d000 	C:\Windows\System32\SHCORE.dll
0x00007ff9188a0000 - 0x00007ff9188f5000 	C:\Windows\System32\shlwapi.dll
0x00007ff917de0000 - 0x00007ff917dff000 	C:\Windows\SYSTEM32\profapi.dll
0x00007ff8ee1c0000 - 0x00007ff8ee1d9000 	C:\Program Files\Eclipse Adoptium\jdk-11.0.19.7-hotspot\bin\net.dll
0x00007ff9119c0000 - 0x00007ff911acc000 	C:\Windows\SYSTEM32\WINHTTP.dll
0x00007ff917580000 - 0x00007ff9175ea000 	C:\Windows\system32\mswsock.dll
0x00007ff8ee1a0000 - 0x00007ff8ee1b3000 	C:\Program Files\Eclipse Adoptium\jdk-11.0.19.7-hotspot\bin\nio.dll

dbghelp: loaded successfully - version: 4.0.5 - missing functions: none
symbol engine: initialized successfully - sym options: 0x614 - pdb path: .;C:\Program Files\Eclipse Adoptium\jdk-11.0.19.7-hotspot\bin;C:\Windows\SYSTEM32;C:\Windows\WinSxS\amd64_microsoft.windows.common-controls_6595b64144ccf1df_6.0.19041.1110_none_60b5254171f9507e;C:\Program Files\Eclipse Adoptium\jdk-11.0.19.7-hotspot\bin\server

VM Arguments:
java_command: org.jetbrains.kotlin.cli.jvm.K2JVMCompiler @E:\G9 Bhangra Android\G9 Bhangra\node_modules\react-native-screens\android\build\20240423_16789682174210019145.compiler.options
java_class_path (initial): C:\Users\Admin\.gradle\caches\modules-2\files-2.1\org.jetbrains.kotlin\kotlin-compiler-embeddable\1.8.0\eb9118d4bcceaa2a94b2ae2a33a4ddba7c9a947f\kotlin-compiler-embeddable-1.8.0.jar;C:\Users\Admin\.gradle\caches\modules-2\files-2.1\org.jetbrains.kotlin\kotlin-stdlib\1.8.0\1796921c7a3e2e2665a83e6c8d33399336cd39bc\kotlin-stdlib-1.8.0.jar;C:\Users\Admin\.gradle\caches\modules-2\files-2.1\org.jetbrains.kotlin\kotlin-script-runtime\1.8.0\b2f7e760d283cb339974851c222a4c1d48f2d3d\kotlin-script-runtime-1.8.0.jar;C:\Users\Admin\.gradle\caches\modules-2\files-2.1\org.jetbrains.kotlin\kotlin-reflect\1.6.10\1cbe9c92c12a94eea200d23c2bbaedaf3daf5132\kotlin-reflect-1.6.10.jar;C:\Users\Admin\.gradle\caches\modules-2\files-2.1\org.jetbrains.kotlin\kotlin-daemon-embeddable\1.8.0\d255216c551685dc3a7e852b53617f5f01aaaa5c\kotlin-daemon-embeddable-1.8.0.jar;C:\Users\Admin\.gradle\caches\modules-2\files-2.1\org.jetbrains.intellij.deps\trove4j\1.0.20200330\3afb14d5f9ceb459d724e907a21145e8ff394f02\trove4j-1.0.20200330.jar;C:\Users\Admin\.gradle\caches\modules-2\files-2.1\net.java.dev.jna\jna\5.6.0\330f2244e9030119ab3030fc3fededc86713d9cc\jna-5.6.0.jar;C:\Users\Admin\.gradle\caches\modules-2\files-2.1\org.jetbrains.kotlin\kotlin-stdlib-common\1.8.0\f7197e7cc76453ac59f8b0f8d5137cc600becd36\kotlin-stdlib-common-1.8.0.jar;C:\Users\Admin\.gradle\caches\modules-2\files-2.1\org.jetbrains\annotations\13.0\919f0dfe192fb4e063e7dacadee7f8bb9a2672a9\annotations-13.0.jar
Launcher Type: SUN_STANDARD

[Global flags]
     intx CICompilerCount                          = 3                                         {product} {ergonomic}
     uint ConcGCThreads                            = 1                                         {product} {ergonomic}
     uint G1ConcRefinementThreads                  = 4                                         {product} {ergonomic}
   size_t G1HeapRegionSize                         = 1048576                                   {product} {ergonomic}
    uintx GCDrainStackTargetSize                   = 64                                        {product} {ergonomic}
   size_t InitialHeapSize                          = 100663296                                 {product} {ergonomic}
   size_t MarkStackSize                            = 4194304                                   {product} {ergonomic}
   size_t MaxHeapSize                              = 1593835520                                {product} {ergonomic}
   size_t MaxNewSize                               = 956301312                                 {product} {ergonomic}
   size_t MinHeapDeltaBytes                        = 1048576                                   {product} {ergonomic}
    uintx NonNMethodCodeHeapSize                   = 5830732                                {pd product} {ergonomic}
    uintx NonProfiledCodeHeapSize                  = 122913754                              {pd product} {ergonomic}
    uintx ProfiledCodeHeapSize                     = 122913754                              {pd product} {ergonomic}
    uintx ReservedCodeCacheSize                    = 251658240                              {pd product} {ergonomic}
     bool SegmentedCodeCache                       = true                                      {product} {ergonomic}
     bool UseCompressedClassPointers               = true                                 {lp64_product} {ergonomic}
     bool UseCompressedOops                        = true                                 {lp64_product} {ergonomic}
     bool UseG1GC                                  = true                                      {product} {ergonomic}
     bool UseLargePagesIndividualAllocation        = false                                  {pd product} {ergonomic}

Logging:
Log output configuration:
 #0: stdout all=warning uptime,level,tags
 #1: stderr all=off uptime,level,tags

Environment Variables:
CLASSPATH=E:\G9 Bhangra Android\G9 Bhangra\android\\gradle\wrapper\gradle-wrapper.jar
PATH=E:\G9 Bhangra Android\G9 Bhangra\node_modules\.bin;E:\G9 Bhangra Android\node_modules\.bin;E:\node_modules\.bin;C:\Users\Admin\AppData\Roaming\nvm\v16.17.1\node_modules\npm\node_modules\@npmcli\run-script\lib\node-gyp-bin;C:\Python312\Scripts\;C:\Python312\;C:\Program Files\Eclipse Adoptium\jdk-11.0.19.7-hotspot\bin;C:\Program Files\Common Files\Oracle\Java\javapath;C:\Python310\Scripts\;C:\Python310\;C:\Windows\system32;C:\Windows;C:\Windows\System32\Wbem;C:\Windows\System32\WindowsPowerShell\v1.0\;C:\Windows\System32\OpenSSH\;C:\Program Files\Java\jdk-15.0.1\bin;C:\ProgramData\chocolatey\bin;C:\Users\Admin\AppData\Local\Android\Sdk\platform-tools;C:\Users\Admin\AppData\Roaming\npm;C:\Program Files\Java\jdk-15.0.1;C:\Users\Admin\AppData\Local\Android\Sdk;C:\Program Files (x86)\Bitvise SSH Client;C:\Program Files\Git\cmd;C:\Users\Admin\AppData\Roaming\nvm;C:\Program Files\nodejs;C:\Users\Admin\AppData\Local\Android\Sdk\platform-tools;C:\Users\Admin\AppData\Local\Programs\Microsoft VS Code\bin;C:\Users\Admin\AppData\Roaming\npm;C:\Users\Admin\AppData\Roaming\nvm;C:\Program Files\nodejs;;E:\G9 Bhangra Android\G9 Bhangra\node_modules\.bin
USERNAME=Admin
LANG=en_US.UTF-8
OS=Windows_NT
PROCESSOR_IDENTIFIER=AMD64 Family 23 Model 24 Stepping 1, AuthenticAMD
TMP=C:\Users\Admin\AppData\Local\Temp
TEMP=C:\Users\Admin\AppData\Local\Temp



---------------  S Y S T E M  ---------------

OS: Windows 10 , 64 bit Build 19041 (10.0.19041.2364)
OS uptime: 0 days 0:31 hours

CPU:total 4 (initial active 4) (4 cores per cpu, 1 threads per core) family 23 model 24 stepping 1 microcode 0x0, cmov, cx8, fxsr, mmx, sse, sse2, sse3, ssse3, sse4.1, sse4.2, popcnt, avx, avx2, aes, clmul, mmxext, 3dnowpref, lzcnt, sse4a, tsc, tscinvbit, tscinv, bmi1, bmi2, adx, sha, fma

Memory: 4k page, system-wide physical 6075M (408M free)
TotalPageFile size 11617M (AvailPageFile size 0M)
current process WorkingSet (physical memory assigned to process): 457M, peak: 457M
current process commit charge ("private bytes"): 501M, peak: 501M

vm_info: OpenJDK 64-Bit Server VM (11.0.19+7) for windows-amd64 JRE (11.0.19+7), built on Apr 18 2023 23:12:18 by "" with MS VC++ 16.7 (VS2019)

END.
